Using launch settings from /Users/daytona/Documents/Escuela/Programacioﾌ］ para Dispositivos Moﾌ」iles/EscuelaAPI/TareasAPI/Properties/launchSettings.json...
Building...
info: Microsoft.EntityFrameworkCore.Database.Command[20101]
      Executed DbCommand (57ms) [Parameters=[], CommandType='Text', CommandTimeout='30']
      SELECT 1 FROM INFORMATION_SCHEMA.TABLES WHERE TABLE_SCHEMA='TareasDB' AND TABLE_NAME='__EFMigrationsHistory';
info: Microsoft.EntityFrameworkCore.Database.Command[20101]
      Executed DbCommand (1ms) [Parameters=[], CommandType='Text', CommandTimeout='30']
      SELECT 1 FROM INFORMATION_SCHEMA.TABLES WHERE TABLE_SCHEMA='TareasDB' AND TABLE_NAME='__EFMigrationsHistory';
info: Microsoft.EntityFrameworkCore.Database.Command[20101]
      Executed DbCommand (2ms) [Parameters=[], CommandType='Text', CommandTimeout='30']
      SELECT `MigrationId`, `ProductVersion`
      FROM `__EFMigrationsHistory`
      ORDER BY `MigrationId`;
info: Microsoft.EntityFrameworkCore.Migrations[20405]
      No migrations were applied. The database is already up to date.
warn: Microsoft.AspNetCore.Server.Kestrel.Core.KestrelServer[8]
      The ASP.NET Core developer certificate is not trusted. For information about trusting the ASP.NET Core developer certificate, see https://aka.ms/aspnet/https-trust-dev-cert.
info: Microsoft.Hosting.Lifetime[14]
      Now listening on: https://localhost:7131
info: Microsoft.Hosting.Lifetime[14]
      Now listening on: http://localhost:5131
info: Microsoft.Hosting.Lifetime[0]
      Application started. Press Ctrl+C to shut down.
info: Microsoft.Hosting.Lifetime[0]
      Hosting environment: Development
info: Microsoft.Hosting.Lifetime[0]
      Content root path: /Users/daytona/Documents/Escuela/Programacioﾌ］ para Dispositivos Moﾌ」iles/EscuelaAPI/TareasAPI
info: Microsoft.EntityFrameworkCore.Database.Command[20101]
      Executed DbCommand (52ms) [Parameters=[@__loginRequest_NombreUsuario_0='?' (Size = 50)], CommandType='Text', CommandTimeout='30']
      SELECT `u`.`Id`, `u`.`nombre_completo`, `u`.`nombre_usuario`, `u`.`contrasena`
      FROM `Usuarios` AS `u`
      WHERE `u`.`nombre_usuario` = @__loginRequest_NombreUsuario_0
      LIMIT 1
info: Microsoft.EntityFrameworkCore.Database.Command[20101]
      Executed DbCommand (6ms) [Parameters=[], CommandType='Text', CommandTimeout='30']
      SELECT `g`.`Id`, `g`.`codigo_grupo`, `g`.`nombre_materia`
      FROM `Grupos` AS `g`
info: Microsoft.EntityFrameworkCore.Database.Command[20101]
      Executed DbCommand (9ms) [Parameters=[@__userId_0='?' (DbType = Int32)], CommandType='Text', CommandTimeout='30']
      SELECT `t`.`Id`, `t`.`Descripcion`, `t`.`Estado`, `t`.`FechaActualizacion`, `t`.`FechaCreacion`, `t`.`GrupoId`, `t`.`Titulo`, `t`.`usuario_id`, `u`.`Id`, `u`.`nombre_completo`, `u`.`nombre_usuario`, `u`.`contrasena`
      FROM `Tareas` AS `t`
      INNER JOIN `Usuarios` AS `u` ON `t`.`usuario_id` = `u`.`Id`
      WHERE `t`.`usuario_id` = @__userId_0
      ORDER BY `t`.`FechaCreacion` DESC
info: Microsoft.EntityFrameworkCore.Database.Command[20101]
      Executed DbCommand (15ms) [Parameters=[@__alumnoId_0='?' (DbType = Int32)], CommandType='Text', CommandTimeout='30']
      SELECT `e`.`Id`, `e`.`AlumnoId`, `e`.`Calificacion`, `e`.`Comentario`, `e`.`FechaCalificacion`, `e`.`FechaEntrega`, `e`.`NombreArchivo`, `e`.`ProfesorId`, `e`.`RetroalimentacionProfesor`, `e`.`RutaArchivo`, `e`.`TamanoArchivo`, `e`.`TareaId`, `e`.`TipoArchivo`, `u`.`Id`, `u`.`nombre_completo`, `u`.`nombre_usuario`, `u`.`contrasena`, `t`.`Id`, `t`.`Descripcion`, `t`.`Estado`, `t`.`FechaActualizacion`, `t`.`FechaCreacion`, `t`.`GrupoId`, `t`.`Titulo`, `t`.`usuario_id`, `u0`.`Id`, `u0`.`nombre_completo`, `u0`.`nombre_usuario`, `u0`.`contrasena`
      FROM `Entregas` AS `e`
      INNER JOIN `Usuarios` AS `u` ON `e`.`AlumnoId` = `u`.`Id`
      INNER JOIN `Tareas` AS `t` ON `e`.`TareaId` = `t`.`Id`
      LEFT JOIN `Usuarios` AS `u0` ON `e`.`ProfesorId` = `u0`.`Id`
      WHERE `e`.`AlumnoId` = @__alumnoId_0
      ORDER BY `e`.`FechaEntrega` DESC
info: Microsoft.EntityFrameworkCore.Database.Command[20101]
      Executed DbCommand (26ms) [Parameters=[@__p_0='?' (DbType = Int32)], CommandType='Text', CommandTimeout='30']
      SELECT `t`.`Id`, `t`.`Descripcion`, `t`.`Estado`, `t`.`FechaActualizacion`, `t`.`FechaCreacion`, `t`.`GrupoId`, `t`.`Titulo`, `t`.`usuario_id`
      FROM `Tareas` AS `t`
      WHERE `t`.`Id` = @__p_0
      LIMIT 1
info: Microsoft.EntityFrameworkCore.Database.Command[20101]
      Executed DbCommand (24ms) [Parameters=[@p0='?' (DbType = Int32), @p1='?', @p2='?' (Size = 500), @p3='?' (DbType = DateTimeOffset), @p4='?' (DbType = DateTime), @p5='?' (Size = 255), @p6='?' (DbType = Int32), @p7='?' (Size = 1000), @p8='?' (Size = 500), @p9='?' (DbType = Int64), @p10='?' (DbType = Int32), @p11='?' (Size = 50)], CommandType='Text', CommandTimeout='30']
      INSERT INTO `Entregas` (`AlumnoId`, `Calificacion`, `Comentario`, `FechaCalificacion`, `FechaEntrega`, `NombreArchivo`, `ProfesorId`, `RetroalimentacionProfesor`, `RutaArchivo`, `TamanoArchivo`, `TareaId`, `TipoArchivo`)
      VALUES (@p0, @p1, @p2, @p3, @p4, @p5, @p6, @p7, @p8, @p9, @p10, @p11);
      SELECT `Id`
      FROM `Entregas`
      WHERE ROW_COUNT() = 1 AND `Id` = LAST_INSERT_ID();
info: Microsoft.EntityFrameworkCore.Database.Command[20101]
      Executed DbCommand (1ms) [Parameters=[@__id_0='?' (DbType = Int32)], CommandType='Text', CommandTimeout='30']
      SELECT `e`.`Id`, `e`.`AlumnoId`, `e`.`Calificacion`, `e`.`Comentario`, `e`.`FechaCalificacion`, `e`.`FechaEntrega`, `e`.`NombreArchivo`, `e`.`ProfesorId`, `e`.`RetroalimentacionProfesor`, `e`.`RutaArchivo`, `e`.`TamanoArchivo`, `e`.`TareaId`, `e`.`TipoArchivo`, `u`.`Id`, `u`.`nombre_completo`, `u`.`nombre_usuario`, `u`.`contrasena`, `t`.`Id`, `t`.`Descripcion`, `t`.`Estado`, `t`.`FechaActualizacion`, `t`.`FechaCreacion`, `t`.`GrupoId`, `t`.`Titulo`, `t`.`usuario_id`, `u0`.`Id`, `u0`.`nombre_completo`, `u0`.`nombre_usuario`, `u0`.`contrasena`
      FROM `Entregas` AS `e`
      INNER JOIN `Usuarios` AS `u` ON `e`.`AlumnoId` = `u`.`Id`
      INNER JOIN `Tareas` AS `t` ON `e`.`TareaId` = `t`.`Id`
      LEFT JOIN `Usuarios` AS `u0` ON `e`.`ProfesorId` = `u0`.`Id`
      WHERE `e`.`Id` = @__id_0
      LIMIT 1
info: Microsoft.EntityFrameworkCore.Database.Command[20101]
      Executed DbCommand (4ms) [Parameters=[@__alumnoId_0='?' (DbType = Int32)], CommandType='Text', CommandTimeout='30']
      SELECT `e`.`Id`, `e`.`AlumnoId`, `e`.`Calificacion`, `e`.`Comentario`, `e`.`FechaCalificacion`, `e`.`FechaEntrega`, `e`.`NombreArchivo`, `e`.`ProfesorId`, `e`.`RetroalimentacionProfesor`, `e`.`RutaArchivo`, `e`.`TamanoArchivo`, `e`.`TareaId`, `e`.`TipoArchivo`, `u`.`Id`, `u`.`nombre_completo`, `u`.`nombre_usuario`, `u`.`contrasena`, `t`.`Id`, `t`.`Descripcion`, `t`.`Estado`, `t`.`FechaActualizacion`, `t`.`FechaCreacion`, `t`.`GrupoId`, `t`.`Titulo`, `t`.`usuario_id`, `u0`.`Id`, `u0`.`nombre_completo`, `u0`.`nombre_usuario`, `u0`.`contrasena`
      FROM `Entregas` AS `e`
      INNER JOIN `Usuarios` AS `u` ON `e`.`AlumnoId` = `u`.`Id`
      INNER JOIN `Tareas` AS `t` ON `e`.`TareaId` = `t`.`Id`
      LEFT JOIN `Usuarios` AS `u0` ON `e`.`ProfesorId` = `u0`.`Id`
      WHERE `e`.`AlumnoId` = @__alumnoId_0
      ORDER BY `e`.`FechaEntrega` DESC
info: Microsoft.EntityFrameworkCore.Database.Command[20101]
      Executed DbCommand (25ms) [Parameters=[@__userId_0='?' (DbType = Int32)], CommandType='Text', CommandTimeout='30']
      SELECT `t`.`Id`, `t`.`Descripcion`, `t`.`Estado`, `t`.`FechaActualizacion`, `t`.`FechaCreacion`, `t`.`GrupoId`, `t`.`Titulo`, `t`.`usuario_id`, `u`.`Id`, `u`.`nombre_completo`, `u`.`nombre_usuario`, `u`.`contrasena`
      FROM `Tareas` AS `t`
      INNER JOIN `Usuarios` AS `u` ON `t`.`usuario_id` = `u`.`Id`
      WHERE `t`.`usuario_id` = @__userId_0
      ORDER BY `t`.`FechaCreacion` DESC
info: Microsoft.EntityFrameworkCore.Database.Command[20101]
      Executed DbCommand (2ms) [Parameters=[], CommandType='Text', CommandTimeout='30']
      SELECT `g`.`Id`, `g`.`codigo_grupo`, `g`.`nombre_materia`
      FROM `Grupos` AS `g`
info: Microsoft.EntityFrameworkCore.Database.Command[20101]
      Executed DbCommand (1ms) [Parameters=[@__userId_0='?' (DbType = Int32)], CommandType='Text', CommandTimeout='30']
      SELECT `t`.`Id`, `t`.`Descripcion`, `t`.`Estado`, `t`.`FechaActualizacion`, `t`.`FechaCreacion`, `t`.`GrupoId`, `t`.`Titulo`, `t`.`usuario_id`, `u`.`Id`, `u`.`nombre_completo`, `u`.`nombre_usuario`, `u`.`contrasena`
      FROM `Tareas` AS `t`
      INNER JOIN `Usuarios` AS `u` ON `t`.`usuario_id` = `u`.`Id`
      WHERE `t`.`usuario_id` = @__userId_0
      ORDER BY `t`.`FechaCreacion` DESC
info: Microsoft.EntityFrameworkCore.Database.Command[20101]
      Executed DbCommand (2ms) [Parameters=[], CommandType='Text', CommandTimeout='30']
      SELECT `g`.`Id`, `g`.`codigo_grupo`, `g`.`nombre_materia`
      FROM `Grupos` AS `g`
info: Microsoft.Hosting.Lifetime[0]
      Application is shutting down...
